Determining if the pthread_create exist failed with the following output:
Change Dir: /home/zhiwei/WorkSpace/gnuradio/cmake-build-debug/CMakeFiles/CMakeTmp

Run Build Command:"/usr/bin/make" "cmTC_c9af5/fast"
/usr/bin/make -f CMakeFiles/cmTC_c9af5.dir/build.make CMakeFiles/cmTC_c9af5.dir/build
make[1]: Entering directory '/home/zhiwei/WorkSpace/gnuradio/cmake-build-debug/CMakeFiles/CMakeTmp'
Building C object CMakeFiles/cmTC_c9af5.dir/CheckSymbolExists.c.o
/usr/bin/cc    -fvisibility=hidden -Wsign-compare -Wall -Wno-uninitialized    -o CMakeFiles/cmTC_c9af5.dir/CheckSymbolExists.c.o   -c /home/zhiwei/WorkSpace/gnuradio/cmake-build-debug/CMakeFiles/CMakeTmp/CheckSymbolExists.c
Linking C executable cmTC_c9af5
/home/zhiwei/clion-2017.1.1/bin/cmake/bin/cmake -E cmake_link_script CMakeFiles/cmTC_c9af5.dir/link.txt --verbose=1
/usr/bin/cc   -fvisibility=hidden -Wsign-compare -Wall -Wno-uninitialized     CMakeFiles/cmTC_c9af5.dir/CheckSymbolExists.c.o  -o cmTC_c9af5 -rdynamic 
CMakeFiles/cmTC_c9af5.dir/CheckSymbolExists.c.o: In function `main':
CheckSymbolExists.c:(.text+0x16): undefined reference to `pthread_create'
collect2: error: ld returned 1 exit status
CMakeFiles/cmTC_c9af5.dir/build.make:97: recipe for target 'cmTC_c9af5' failed
make[1]: *** [cmTC_c9af5] Error 1
make[1]: Leaving directory '/home/zhiwei/WorkSpace/gnuradio/cmake-build-debug/CMakeFiles/CMakeTmp'
Makefile:126: recipe for target 'cmTC_c9af5/fast' failed
make: *** [cmTC_c9af5/fast] Error 2

File /home/zhiwei/WorkSpace/gnuradio/cmake-build-debug/CMakeFiles/CMakeTmp/CheckSymbolExists.c:
/* */
#include <pthread.h>

int main(int argc, char** argv)
{
  (void)argv;
#ifndef pthread_create
  return ((int*)(&pthread_create))[argc];
#else
  (void)argc;
  return 0;
#endif
}

Determining if the function pthread_create exists in the pthreads failed with the following output:
Change Dir: /home/zhiwei/WorkSpace/gnuradio/cmake-build-debug/CMakeFiles/CMakeTmp

Run Build Command:"/usr/bin/make" "cmTC_e87be/fast"
/usr/bin/make -f CMakeFiles/cmTC_e87be.dir/build.make CMakeFiles/cmTC_e87be.dir/build
make[1]: Entering directory '/home/zhiwei/WorkSpace/gnuradio/cmake-build-debug/CMakeFiles/CMakeTmp'
Building C object CMakeFiles/cmTC_e87be.dir/CheckFunctionExists.c.o
/usr/bin/cc    -fvisibility=hidden -Wsign-compare -Wall -Wno-uninitialized -DCHECK_FUNCTION_EXISTS=pthread_create   -o CMakeFiles/cmTC_e87be.dir/CheckFunctionExists.c.o   -c /home/zhiwei/clion-2017.1.1/bin/cmake/share/cmake-3.7/Modules/CheckFunctionExists.c
Linking C executable cmTC_e87be
/home/zhiwei/clion-2017.1.1/bin/cmake/bin/cmake -E cmake_link_script CMakeFiles/cmTC_e87be.dir/link.txt --verbose=1
/usr/bin/cc   -fvisibility=hidden -Wsign-compare -Wall -Wno-uninitialized -DCHECK_FUNCTION_EXISTS=pthread_create    CMakeFiles/cmTC_e87be.dir/CheckFunctionExists.c.o  -o cmTC_e87be -rdynamic -lpthreads 
/usr/bin/ld: cannot find -lpthreads
collect2: error: ld returned 1 exit status
CMakeFiles/cmTC_e87be.dir/build.make:97: recipe for target 'cmTC_e87be' failed
make[1]: *** [cmTC_e87be] Error 1
make[1]: Leaving directory '/home/zhiwei/WorkSpace/gnuradio/cmake-build-debug/CMakeFiles/CMakeTmp'
Makefile:126: recipe for target 'cmTC_e87be/fast' failed
make: *** [cmTC_e87be/fast] Error 2


Determining if the include file intrin.h exists failed with the following output:
Change Dir: /home/zhiwei/WorkSpace/gnuradio/cmake-build-debug/CMakeFiles/CMakeTmp

Run Build Command:"/usr/bin/make" "cmTC_ccc61/fast"
/usr/bin/make -f CMakeFiles/cmTC_ccc61.dir/build.make CMakeFiles/cmTC_ccc61.dir/build
make[1]: Entering directory '/home/zhiwei/WorkSpace/gnuradio/cmake-build-debug/CMakeFiles/CMakeTmp'
Building C object CMakeFiles/cmTC_ccc61.dir/CheckIncludeFile.c.o
/usr/bin/cc    -fvisibility=hidden -Wsign-compare -Wall -Wno-uninitialized -Wall    -o CMakeFiles/cmTC_ccc61.dir/CheckIncludeFile.c.o   -c /home/zhiwei/WorkSpace/gnuradio/cmake-build-debug/CMakeFiles/CMakeTmp/CheckIncludeFile.c
/home/zhiwei/WorkSpace/gnuradio/cmake-build-debug/CMakeFiles/CMakeTmp/CheckIncludeFile.c:1:20: fatal error: intrin.h: No such file or directory
compilation terminated.
CMakeFiles/cmTC_ccc61.dir/build.make:65: recipe for target 'CMakeFiles/cmTC_ccc61.dir/CheckIncludeFile.c.o' failed
make[1]: *** [CMakeFiles/cmTC_ccc61.dir/CheckIncludeFile.c.o] Error 1
make[1]: Leaving directory '/home/zhiwei/WorkSpace/gnuradio/cmake-build-debug/CMakeFiles/CMakeTmp'
Makefile:126: recipe for target 'cmTC_ccc61/fast' failed
make: *** [cmTC_ccc61/fast] Error 2


Performing C++ SOURCE FILE Test HAVE_WERROR_UNUSED_CMD_LINE_ARG failed with the following output:
Change Dir: /home/zhiwei/WorkSpace/gnuradio/cmake-build-debug/CMakeFiles/CMakeTmp

Run Build Command:"/usr/bin/make" "cmTC_e9e57/fast"
/usr/bin/make -f CMakeFiles/cmTC_e9e57.dir/build.make CMakeFiles/cmTC_e9e57.dir/build
make[1]: Entering directory '/home/zhiwei/WorkSpace/gnuradio/cmake-build-debug/CMakeFiles/CMakeTmp'
Building CXX object CMakeFiles/cmTC_e9e57.dir/src.cxx.o
/usr/bin/c++     -fvisibility=hidden -Wsign-compare -Wall -Wno-uninitialized -Wall -DHAVE_WERROR_UNUSED_CMD_LINE_ARG   -Werror=unused-command-line-argument -o CMakeFiles/cmTC_e9e57.dir/src.cxx.o -c /home/zhiwei/WorkSpace/gnuradio/cmake-build-debug/CMakeFiles/CMakeTmp/src.cxx
cc1plus: error: -Werror=unused-command-line-argument: no option -Wunused-command-line-argument
CMakeFiles/cmTC_e9e57.dir/build.make:65: recipe for target 'CMakeFiles/cmTC_e9e57.dir/src.cxx.o' failed
make[1]: *** [CMakeFiles/cmTC_e9e57.dir/src.cxx.o] Error 1
make[1]: Leaving directory '/home/zhiwei/WorkSpace/gnuradio/cmake-build-debug/CMakeFiles/CMakeTmp'
Makefile:126: recipe for target 'cmTC_e9e57/fast' failed
make: *** [cmTC_e9e57/fast] Error 2

Source file was:
int main() { return 0; }
Performing C++ SOURCE FILE Test have_mfloat_abi_softfp failed with the following output:
Change Dir: /home/zhiwei/WorkSpace/gnuradio/cmake-build-debug/CMakeFiles/CMakeTmp

Run Build Command:"/usr/bin/make" "cmTC_1e2e0/fast"
/usr/bin/make -f CMakeFiles/cmTC_1e2e0.dir/build.make CMakeFiles/cmTC_1e2e0.dir/build
make[1]: Entering directory '/home/zhiwei/WorkSpace/gnuradio/cmake-build-debug/CMakeFiles/CMakeTmp'
Building CXX object CMakeFiles/cmTC_1e2e0.dir/src.cxx.o
/usr/bin/c++     -fvisibility=hidden -Wsign-compare -Wall -Wno-uninitialized -Wall -Dhave_mfloat_abi_softfp   -mfloat-abi=softfp -o CMakeFiles/cmTC_1e2e0.dir/src.cxx.o -c /home/zhiwei/WorkSpace/gnuradio/cmake-build-debug/CMakeFiles/CMakeTmp/src.cxx
c++: error: unrecognized command line option '-mfloat-abi=softfp'
CMakeFiles/cmTC_1e2e0.dir/build.make:65: recipe for target 'CMakeFiles/cmTC_1e2e0.dir/src.cxx.o' failed
make[1]: *** [CMakeFiles/cmTC_1e2e0.dir/src.cxx.o] Error 1
make[1]: Leaving directory '/home/zhiwei/WorkSpace/gnuradio/cmake-build-debug/CMakeFiles/CMakeTmp'
Makefile:126: recipe for target 'cmTC_1e2e0/fast' failed
make: *** [cmTC_1e2e0/fast] Error 2

Source file was:
int main() { return 0; }
Performing C++ SOURCE FILE Test have_mfloat_abi_hard failed with the following output:
Change Dir: /home/zhiwei/WorkSpace/gnuradio/cmake-build-debug/CMakeFiles/CMakeTmp

Run Build Command:"/usr/bin/make" "cmTC_8115c/fast"
/usr/bin/make -f CMakeFiles/cmTC_8115c.dir/build.make CMakeFiles/cmTC_8115c.dir/build
make[1]: Entering directory '/home/zhiwei/WorkSpace/gnuradio/cmake-build-debug/CMakeFiles/CMakeTmp'
Building CXX object CMakeFiles/cmTC_8115c.dir/src.cxx.o
/usr/bin/c++     -fvisibility=hidden -Wsign-compare -Wall -Wno-uninitialized -Wall -Dhave_mfloat_abi_hard   -mfloat-abi=hard -o CMakeFiles/cmTC_8115c.dir/src.cxx.o -c /home/zhiwei/WorkSpace/gnuradio/cmake-build-debug/CMakeFiles/CMakeTmp/src.cxx
c++: error: unrecognized command line option '-mfloat-abi=hard'
CMakeFiles/cmTC_8115c.dir/build.make:65: recipe for target 'CMakeFiles/cmTC_8115c.dir/src.cxx.o' failed
make[1]: *** [CMakeFiles/cmTC_8115c.dir/src.cxx.o] Error 1
make[1]: Leaving directory '/home/zhiwei/WorkSpace/gnuradio/cmake-build-debug/CMakeFiles/CMakeTmp'
Makefile:126: recipe for target 'cmTC_8115c/fast' failed
make: *** [cmTC_8115c/fast] Error 2

Source file was:
int main() { return 0; }
Performing C++ SOURCE FILE Test have_mfpu_neon failed with the following output:
Change Dir: /home/zhiwei/WorkSpace/gnuradio/cmake-build-debug/CMakeFiles/CMakeTmp

Run Build Command:"/usr/bin/make" "cmTC_8259a/fast"
/usr/bin/make -f CMakeFiles/cmTC_8259a.dir/build.make CMakeFiles/cmTC_8259a.dir/build
make[1]: Entering directory '/home/zhiwei/WorkSpace/gnuradio/cmake-build-debug/CMakeFiles/CMakeTmp'
Building CXX object CMakeFiles/cmTC_8259a.dir/src.cxx.o
/usr/bin/c++     -fvisibility=hidden -Wsign-compare -Wall -Wno-uninitialized -Wall -Dhave_mfpu_neon   -mfpu=neon -o CMakeFiles/cmTC_8259a.dir/src.cxx.o -c /home/zhiwei/WorkSpace/gnuradio/cmake-build-debug/CMakeFiles/CMakeTmp/src.cxx
c++: error: unrecognized command line option '-mfpu=neon'
CMakeFiles/cmTC_8259a.dir/build.make:65: recipe for target 'CMakeFiles/cmTC_8259a.dir/src.cxx.o' failed
make[1]: *** [CMakeFiles/cmTC_8259a.dir/src.cxx.o] Error 1
make[1]: Leaving directory '/home/zhiwei/WorkSpace/gnuradio/cmake-build-debug/CMakeFiles/CMakeTmp'
Makefile:126: recipe for target 'cmTC_8259a/fast' failed
make: *** [cmTC_8259a/fast] Error 2

Source file was:
int main() { return 0; }
Performing C++ SOURCE FILE Test have_m32 failed with the following output:
Change Dir: /home/zhiwei/WorkSpace/gnuradio/cmake-build-debug/CMakeFiles/CMakeTmp

Run Build Command:"/usr/bin/make" "cmTC_5048d/fast"
/usr/bin/make -f CMakeFiles/cmTC_5048d.dir/build.make CMakeFiles/cmTC_5048d.dir/build
make[1]: Entering directory '/home/zhiwei/WorkSpace/gnuradio/cmake-build-debug/CMakeFiles/CMakeTmp'
Building CXX object CMakeFiles/cmTC_5048d.dir/src.cxx.o
/usr/bin/c++     -fvisibility=hidden -Wsign-compare -Wall -Wno-uninitialized -Wall -Dhave_m32   -m32 -o CMakeFiles/cmTC_5048d.dir/src.cxx.o -c /home/zhiwei/WorkSpace/gnuradio/cmake-build-debug/CMakeFiles/CMakeTmp/src.cxx
Linking CXX executable cmTC_5048d
/home/zhiwei/clion-2017.1.1/bin/cmake/bin/cmake -E cmake_link_script CMakeFiles/cmTC_5048d.dir/link.txt --verbose=1
/usr/bin/c++    -fvisibility=hidden -Wsign-compare -Wall -Wno-uninitialized -Wall -Dhave_m32    CMakeFiles/cmTC_5048d.dir/src.cxx.o  -o cmTC_5048d -rdynamic 
/usr/bin/ld: i386 architecture of input file `CMakeFiles/cmTC_5048d.dir/src.cxx.o' is incompatible with i386:x86-64 output
collect2: error: ld returned 1 exit status
CMakeFiles/cmTC_5048d.dir/build.make:97: recipe for target 'cmTC_5048d' failed
make[1]: *** [cmTC_5048d] Error 1
make[1]: Leaving directory '/home/zhiwei/WorkSpace/gnuradio/cmake-build-debug/CMakeFiles/CMakeTmp'
Makefile:126: recipe for target 'cmTC_5048d/fast' failed
make: *** [cmTC_5048d/fast] Error 2

Source file was:
int main() { return 0; }
Determining if the include file io.h exists failed with the following output:
Change Dir: /home/zhiwei/WorkSpace/gnuradio/cmake-build-debug/CMakeFiles/CMakeTmp

Run Build Command:"/usr/bin/make" "cmTC_78a8f/fast"
/usr/bin/make -f CMakeFiles/cmTC_78a8f.dir/build.make CMakeFiles/cmTC_78a8f.dir/build
make[1]: Entering directory '/home/zhiwei/WorkSpace/gnuradio/cmake-build-debug/CMakeFiles/CMakeTmp'
Building CXX object CMakeFiles/cmTC_78a8f.dir/CheckIncludeFile.cxx.o
/usr/bin/c++     -fvisibility=hidden -Wsign-compare -Wall -Wno-uninitialized    -o CMakeFiles/cmTC_78a8f.dir/CheckIncludeFile.cxx.o -c /home/zhiwei/WorkSpace/gnuradio/cmake-build-debug/CMakeFiles/CMakeTmp/CheckIncludeFile.cxx
/home/zhiwei/WorkSpace/gnuradio/cmake-build-debug/CMakeFiles/CMakeTmp/CheckIncludeFile.cxx:1:16: fatal error: io.h: No such file or directory
compilation terminated.
CMakeFiles/cmTC_78a8f.dir/build.make:65: recipe for target 'CMakeFiles/cmTC_78a8f.dir/CheckIncludeFile.cxx.o' failed
make[1]: *** [CMakeFiles/cmTC_78a8f.dir/CheckIncludeFile.cxx.o] Error 1
make[1]: Leaving directory '/home/zhiwei/WorkSpace/gnuradio/cmake-build-debug/CMakeFiles/CMakeTmp'
Makefile:126: recipe for target 'cmTC_78a8f/fast' failed
make: *** [cmTC_78a8f/fast] Error 2


Determining if the include file dev/ppbus/ppi.h exists failed with the following output:
Change Dir: /home/zhiwei/WorkSpace/gnuradio/cmake-build-debug/CMakeFiles/CMakeTmp

Run Build Command:"/usr/bin/make" "cmTC_5c329/fast"
/usr/bin/make -f CMakeFiles/cmTC_5c329.dir/build.make CMakeFiles/cmTC_5c329.dir/build
make[1]: Entering directory '/home/zhiwei/WorkSpace/gnuradio/cmake-build-debug/CMakeFiles/CMakeTmp'
Building CXX object CMakeFiles/cmTC_5c329.dir/CheckIncludeFile.cxx.o
/usr/bin/c++     -fvisibility=hidden -Wsign-compare -Wall -Wno-uninitialized    -o CMakeFiles/cmTC_5c329.dir/CheckIncludeFile.cxx.o -c /home/zhiwei/WorkSpace/gnuradio/cmake-build-debug/CMakeFiles/CMakeTmp/CheckIncludeFile.cxx
/home/zhiwei/WorkSpace/gnuradio/cmake-build-debug/CMakeFiles/CMakeTmp/CheckIncludeFile.cxx:1:27: fatal error: dev/ppbus/ppi.h: No such file or directory
compilation terminated.
CMakeFiles/cmTC_5c329.dir/build.make:65: recipe for target 'CMakeFiles/cmTC_5c329.dir/CheckIncludeFile.cxx.o' failed
make[1]: *** [CMakeFiles/cmTC_5c329.dir/CheckIncludeFile.cxx.o] Error 1
make[1]: Leaving directory '/home/zhiwei/WorkSpace/gnuradio/cmake-build-debug/CMakeFiles/CMakeTmp'
Makefile:126: recipe for target 'cmTC_5c329/fast' failed
make: *** [cmTC_5c329/fast] Error 2


Performing C++ SOURCE FILE Test HAVE_SSLEEP failed with the following output:
Change Dir: /home/zhiwei/WorkSpace/gnuradio/cmake-build-debug/CMakeFiles/CMakeTmp

Run Build Command:"/usr/bin/make" "cmTC_8acad/fast"
/usr/bin/make -f CMakeFiles/cmTC_8acad.dir/build.make CMakeFiles/cmTC_8acad.dir/build
make[1]: Entering directory '/home/zhiwei/WorkSpace/gnuradio/cmake-build-debug/CMakeFiles/CMakeTmp'
Building CXX object CMakeFiles/cmTC_8acad.dir/src.cxx.o
/usr/bin/c++     -fvisibility=hidden -Wsign-compare -Wall -Wno-uninitialized -DHAVE_SSLEEP   -o CMakeFiles/cmTC_8acad.dir/src.cxx.o -c /home/zhiwei/WorkSpace/gnuradio/cmake-build-debug/CMakeFiles/CMakeTmp/src.cxx
/home/zhiwei/WorkSpace/gnuradio/cmake-build-debug/CMakeFiles/CMakeTmp/src.cxx:2:25: fatal error: Winbase.h: No such file or directory
compilation terminated.
CMakeFiles/cmTC_8acad.dir/build.make:65: recipe for target 'CMakeFiles/cmTC_8acad.dir/src.cxx.o' failed
make[1]: *** [CMakeFiles/cmTC_8acad.dir/src.cxx.o] Error 1
make[1]: Leaving directory '/home/zhiwei/WorkSpace/gnuradio/cmake-build-debug/CMakeFiles/CMakeTmp'
Makefile:126: recipe for target 'cmTC_8acad/fast' failed
make: *** [cmTC_8acad/fast] Error 2

Source file was:

    #include <Winbase.h>
    int main(){Sleep(0); return 0;}
    
Performing C++ SOURCE FILE Test HAVE_CREATEFILEMAPPING failed with the following output:
Change Dir: /home/zhiwei/WorkSpace/gnuradio/cmake-build-debug/CMakeFiles/CMakeTmp

Run Build Command:"/usr/bin/make" "cmTC_cd9ae/fast"
/usr/bin/make -f CMakeFiles/cmTC_cd9ae.dir/build.make CMakeFiles/cmTC_cd9ae.dir/build
make[1]: Entering directory '/home/zhiwei/WorkSpace/gnuradio/cmake-build-debug/CMakeFiles/CMakeTmp'
Building CXX object CMakeFiles/cmTC_cd9ae.dir/src.cxx.o
/usr/bin/c++     -fvisibility=hidden -Wsign-compare -Wall -Wno-uninitialized -DHAVE_CREATEFILEMAPPING   -o CMakeFiles/cmTC_cd9ae.dir/src.cxx.o -c /home/zhiwei/WorkSpace/gnuradio/cmake-build-debug/CMakeFiles/CMakeTmp/src.cxx
/home/zhiwei/WorkSpace/gnuradio/cmake-build-debug/CMakeFiles/CMakeTmp/src.cxx:2:25: fatal error: windows.h: No such file or directory
compilation terminated.
CMakeFiles/cmTC_cd9ae.dir/build.make:65: recipe for target 'CMakeFiles/cmTC_cd9ae.dir/src.cxx.o' failed
make[1]: *** [CMakeFiles/cmTC_cd9ae.dir/src.cxx.o] Error 1
make[1]: Leaving directory '/home/zhiwei/WorkSpace/gnuradio/cmake-build-debug/CMakeFiles/CMakeTmp'
Makefile:126: recipe for target 'cmTC_cd9ae/fast' failed
make: *** [cmTC_cd9ae/fast] Error 2

Source file was:

    #include <windows.h>
    int main(){
        HANDLE handle;
        int size;
        LPCTSTR lpName;
        handle = CreateFileMapping(
                         INVALID_HANDLE_VALUE,    // use paging file
                         NULL,                    // default security
                         PAGE_READWRITE,          // read/write access
                         0,                       // max. object size
                         size,                    // buffer size
                         lpName);                 // name of mapping object
        return 0;
    } 
Determining if the include file windows.h exists failed with the following output:
Change Dir: /home/zhiwei/WorkSpace/gnuradio/cmake-build-debug/CMakeFiles/CMakeTmp

Run Build Command:"/usr/bin/make" "cmTC_857fd/fast"
/usr/bin/make -f CMakeFiles/cmTC_857fd.dir/build.make CMakeFiles/cmTC_857fd.dir/build
make[1]: Entering directory '/home/zhiwei/WorkSpace/gnuradio/cmake-build-debug/CMakeFiles/CMakeTmp'
Building CXX object CMakeFiles/cmTC_857fd.dir/CheckIncludeFile.cxx.o
/usr/bin/c++     -fvisibility=hidden -Wsign-compare -Wall -Wno-uninitialized    -o CMakeFiles/cmTC_857fd.dir/CheckIncludeFile.cxx.o -c /home/zhiwei/WorkSpace/gnuradio/cmake-build-debug/CMakeFiles/CMakeTmp/CheckIncludeFile.cxx
/home/zhiwei/WorkSpace/gnuradio/cmake-build-debug/CMakeFiles/CMakeTmp/CheckIncludeFile.cxx:1:21: fatal error: windows.h: No such file or directory
compilation terminated.
CMakeFiles/cmTC_857fd.dir/build.make:65: recipe for target 'CMakeFiles/cmTC_857fd.dir/CheckIncludeFile.cxx.o' failed
make[1]: *** [CMakeFiles/cmTC_857fd.dir/CheckIncludeFile.cxx.o] Error 1
make[1]: Leaving directory '/home/zhiwei/WorkSpace/gnuradio/cmake-build-debug/CMakeFiles/CMakeTmp'
Makefile:126: recipe for target 'cmTC_857fd/fast' failed
make: *** [cmTC_857fd/fast] Error 2


Determining if the include file AudioUnit/AudioUnit.h exists failed with the following output:
Change Dir: /home/zhiwei/WorkSpace/gnuradio/cmake-build-debug/CMakeFiles/CMakeTmp

Run Build Command:"/usr/bin/make" "cmTC_0ab34/fast"
/usr/bin/make -f CMakeFiles/cmTC_0ab34.dir/build.make CMakeFiles/cmTC_0ab34.dir/build
make[1]: Entering directory '/home/zhiwei/WorkSpace/gnuradio/cmake-build-debug/CMakeFiles/CMakeTmp'
Building CXX object CMakeFiles/cmTC_0ab34.dir/CheckIncludeFile.cxx.o
/usr/bin/c++     -fvisibility=hidden -Wsign-compare -Wall -Wno-uninitialized    -o CMakeFiles/cmTC_0ab34.dir/CheckIncludeFile.cxx.o -c /home/zhiwei/WorkSpace/gnuradio/cmake-build-debug/CMakeFiles/CMakeTmp/CheckIncludeFile.cxx
/home/zhiwei/WorkSpace/gnuradio/cmake-build-debug/CMakeFiles/CMakeTmp/CheckIncludeFile.cxx:1:33: fatal error: AudioUnit/AudioUnit.h: No such file or directory
compilation terminated.
CMakeFiles/cmTC_0ab34.dir/build.make:65: recipe for target 'CMakeFiles/cmTC_0ab34.dir/CheckIncludeFile.cxx.o' failed
make[1]: *** [CMakeFiles/cmTC_0ab34.dir/CheckIncludeFile.cxx.o] Error 1
make[1]: Leaving directory '/home/zhiwei/WorkSpace/gnuradio/cmake-build-debug/CMakeFiles/CMakeTmp'
Makefile:126: recipe for target 'cmTC_0ab34/fast' failed
make: *** [cmTC_0ab34/fast] Error 2


Determining if the include file AudioToolbox/AudioToolbox.h exists failed with the following output:
Change Dir: /home/zhiwei/WorkSpace/gnuradio/cmake-build-debug/CMakeFiles/CMakeTmp

Run Build Command:"/usr/bin/make" "cmTC_c2605/fast"
/usr/bin/make -f CMakeFiles/cmTC_c2605.dir/build.make CMakeFiles/cmTC_c2605.dir/build
make[1]: Entering directory '/home/zhiwei/WorkSpace/gnuradio/cmake-build-debug/CMakeFiles/CMakeTmp'
Building CXX object CMakeFiles/cmTC_c2605.dir/CheckIncludeFile.cxx.o
/usr/bin/c++     -fvisibility=hidden -Wsign-compare -Wall -Wno-uninitialized    -o CMakeFiles/cmTC_c2605.dir/CheckIncludeFile.cxx.o -c /home/zhiwei/WorkSpace/gnuradio/cmake-build-debug/CMakeFiles/CMakeTmp/CheckIncludeFile.cxx
/home/zhiwei/WorkSpace/gnuradio/cmake-build-debug/CMakeFiles/CMakeTmp/CheckIncludeFile.cxx:1:39: fatal error: AudioToolbox/AudioToolbox.h: No such file or directory
compilation terminated.
CMakeFiles/cmTC_c2605.dir/build.make:65: recipe for target 'CMakeFiles/cmTC_c2605.dir/CheckIncludeFile.cxx.o' failed
make[1]: *** [CMakeFiles/cmTC_c2605.dir/CheckIncludeFile.cxx.o] Error 1
make[1]: Leaving directory '/home/zhiwei/WorkSpace/gnuradio/cmake-build-debug/CMakeFiles/CMakeTmp'
Makefile:126: recipe for target 'cmTC_c2605/fast' failed
make: *** [cmTC_c2605/fast] Error 2


Determining if the Q_WS_WIN exist failed with the following output:
Change Dir: /home/zhiwei/WorkSpace/gnuradio/cmake-build-debug/CMakeFiles/CMakeTmp

Run Build Command:"/usr/bin/make" "cmTC_f6643/fast"
/usr/bin/make -f CMakeFiles/cmTC_f6643.dir/build.make CMakeFiles/cmTC_f6643.dir/build
make[1]: Entering directory '/home/zhiwei/WorkSpace/gnuradio/cmake-build-debug/CMakeFiles/CMakeTmp'
Building CXX object CMakeFiles/cmTC_f6643.dir/CheckSymbolExists.cxx.o
/usr/bin/c++    -I/usr/include/qt4  -fvisibility=hidden -Wsign-compare -Wall -Wno-uninitialized    -o CMakeFiles/cmTC_f6643.dir/CheckSymbolExists.cxx.o -c /home/zhiwei/WorkSpace/gnuradio/cmake-build-debug/CMakeFiles/CMakeTmp/CheckSymbolExists.cxx
/home/zhiwei/WorkSpace/gnuradio/cmake-build-debug/CMakeFiles/CMakeTmp/CheckSymbolExists.cxx: In function ‘int main(int, char**)’:
/home/zhiwei/WorkSpace/gnuradio/cmake-build-debug/CMakeFiles/CMakeTmp/CheckSymbolExists.cxx:8:19: error: ‘Q_WS_WIN’ was not declared in this scope
   return ((int*)(&Q_WS_WIN))[argc];
                   ^
CMakeFiles/cmTC_f6643.dir/build.make:65: recipe for target 'CMakeFiles/cmTC_f6643.dir/CheckSymbolExists.cxx.o' failed
make[1]: *** [CMakeFiles/cmTC_f6643.dir/CheckSymbolExists.cxx.o] Error 1
make[1]: Leaving directory '/home/zhiwei/WorkSpace/gnuradio/cmake-build-debug/CMakeFiles/CMakeTmp'
Makefile:126: recipe for target 'cmTC_f6643/fast' failed
make: *** [cmTC_f6643/fast] Error 2

File /home/zhiwei/WorkSpace/gnuradio/cmake-build-debug/CMakeFiles/CMakeTmp/CheckSymbolExists.cxx:
/* */
#include <QtCore/qglobal.h>

int main(int argc, char** argv)
{
  (void)argv;
#ifndef Q_WS_WIN
  return ((int*)(&Q_WS_WIN))[argc];
#else
  (void)argc;
  return 0;
#endif
}

Determining if the Q_WS_QWS exist failed with the following output:
Change Dir: /home/zhiwei/WorkSpace/gnuradio/cmake-build-debug/CMakeFiles/CMakeTmp

Run Build Command:"/usr/bin/make" "cmTC_79d0f/fast"
/usr/bin/make -f CMakeFiles/cmTC_79d0f.dir/build.make CMakeFiles/cmTC_79d0f.dir/build
make[1]: Entering directory '/home/zhiwei/WorkSpace/gnuradio/cmake-build-debug/CMakeFiles/CMakeTmp'
Building CXX object CMakeFiles/cmTC_79d0f.dir/CheckSymbolExists.cxx.o
/usr/bin/c++    -I/usr/include/qt4  -fvisibility=hidden -Wsign-compare -Wall -Wno-uninitialized    -o CMakeFiles/cmTC_79d0f.dir/CheckSymbolExists.cxx.o -c /home/zhiwei/WorkSpace/gnuradio/cmake-build-debug/CMakeFiles/CMakeTmp/CheckSymbolExists.cxx
/home/zhiwei/WorkSpace/gnuradio/cmake-build-debug/CMakeFiles/CMakeTmp/CheckSymbolExists.cxx: In function ‘int main(int, char**)’:
/home/zhiwei/WorkSpace/gnuradio/cmake-build-debug/CMakeFiles/CMakeTmp/CheckSymbolExists.cxx:8:19: error: ‘Q_WS_QWS’ was not declared in this scope
   return ((int*)(&Q_WS_QWS))[argc];
                   ^
CMakeFiles/cmTC_79d0f.dir/build.make:65: recipe for target 'CMakeFiles/cmTC_79d0f.dir/CheckSymbolExists.cxx.o' failed
make[1]: *** [CMakeFiles/cmTC_79d0f.dir/CheckSymbolExists.cxx.o] Error 1
make[1]: Leaving directory '/home/zhiwei/WorkSpace/gnuradio/cmake-build-debug/CMakeFiles/CMakeTmp'
Makefile:126: recipe for target 'cmTC_79d0f/fast' failed
make: *** [cmTC_79d0f/fast] Error 2

File /home/zhiwei/WorkSpace/gnuradio/cmake-build-debug/CMakeFiles/CMakeTmp/CheckSymbolExists.cxx:
/* */
#include <QtCore/qglobal.h>

int main(int argc, char** argv)
{
  (void)argv;
#ifndef Q_WS_QWS
  return ((int*)(&Q_WS_QWS))[argc];
#else
  (void)argc;
  return 0;
#endif
}

Determining if the Q_WS_MAC exist failed with the following output:
Change Dir: /home/zhiwei/WorkSpace/gnuradio/cmake-build-debug/CMakeFiles/CMakeTmp

Run Build Command:"/usr/bin/make" "cmTC_cac78/fast"
/usr/bin/make -f CMakeFiles/cmTC_cac78.dir/build.make CMakeFiles/cmTC_cac78.dir/build
make[1]: Entering directory '/home/zhiwei/WorkSpace/gnuradio/cmake-build-debug/CMakeFiles/CMakeTmp'
Building CXX object CMakeFiles/cmTC_cac78.dir/CheckSymbolExists.cxx.o
/usr/bin/c++    -I/usr/include/qt4  -fvisibility=hidden -Wsign-compare -Wall -Wno-uninitialized    -o CMakeFiles/cmTC_cac78.dir/CheckSymbolExists.cxx.o -c /home/zhiwei/WorkSpace/gnuradio/cmake-build-debug/CMakeFiles/CMakeTmp/CheckSymbolExists.cxx
/home/zhiwei/WorkSpace/gnuradio/cmake-build-debug/CMakeFiles/CMakeTmp/CheckSymbolExists.cxx: In function ‘int main(int, char**)’:
/home/zhiwei/WorkSpace/gnuradio/cmake-build-debug/CMakeFiles/CMakeTmp/CheckSymbolExists.cxx:8:19: error: ‘Q_WS_MAC’ was not declared in this scope
   return ((int*)(&Q_WS_MAC))[argc];
                   ^
CMakeFiles/cmTC_cac78.dir/build.make:65: recipe for target 'CMakeFiles/cmTC_cac78.dir/CheckSymbolExists.cxx.o' failed
make[1]: *** [CMakeFiles/cmTC_cac78.dir/CheckSymbolExists.cxx.o] Error 1
make[1]: Leaving directory '/home/zhiwei/WorkSpace/gnuradio/cmake-build-debug/CMakeFiles/CMakeTmp'
Makefile:126: recipe for target 'cmTC_cac78/fast' failed
make: *** [cmTC_cac78/fast] Error 2

File /home/zhiwei/WorkSpace/gnuradio/cmake-build-debug/CMakeFiles/CMakeTmp/CheckSymbolExists.cxx:
/* */
#include <QtCore/qglobal.h>

int main(int argc, char** argv)
{
  (void)argv;
#ifndef Q_WS_MAC
  return ((int*)(&Q_WS_MAC))[argc];
#else
  (void)argc;
  return 0;
#endif
}

